2019-12-13 11:15:28 INFO  [main]: yo it was created
2019-12-13 11:15:28 INFO  [main]: yo it was created
2019-12-13 11:18:50 INFO  [main]: Log 1 Create 
2019-12-13 11:18:53 INFO  [main]: Log 2 Calculate 
2019-12-13 11:18:54 INFO  [main]: Log 3 Genre 
2019-12-13 11:18:59 INFO  [main]: Log 4 Match 
2019-12-13 11:19:02 INFO  [main]: Log 5 Random 
2019-12-13 11:19:03 INFO  [main]: Log 6 Info 
2019-12-13 11:34:13 INFO  [main]: Log 5 Random 
2019-12-13 11:34:13 INFO  [main]: Log 5 Random 
2019-12-13 11:34:13 INFO  [main]: Log 6 Info 
2019-12-13 11:34:13 INFO  [main]: Log 2 Calculate 
2019-12-13 11:34:13 INFO  [main]: Log 1 Create 
2019-12-13 11:34:13 INFO  [main]: Log 1 Create 
2019-12-13 11:34:57 INFO  [main]: Log 5 Random 
2019-12-13 11:34:57 INFO  [main]: Log 5 Random 
2019-12-13 11:34:58 INFO  [main]: Log 6 Info 
2019-12-13 11:34:58 INFO  [main]: Log 2 Calculate 
2019-12-13 11:34:58 INFO  [main]: Log 1 Create 
2019-12-13 11:34:58 INFO  [main]: Log 1 Create 
2019-12-15 17:26:31 INFO  [main]: Log 5 Random 
2019-12-15 17:26:31 INFO  [main]: Log 5 Random 
2019-12-15 17:26:31 INFO  [main]: Log 6 Info 
2019-12-15 17:26:31 INFO  [main]: Log 2 Calculate 
2019-12-15 17:26:31 INFO  [main]: Log 1 Create 
2019-12-15 17:26:31 INFO  [main]: Log 1 Create 
